<?xml version="1.0" encoding="UTF-8"?>
<!-- Generated by org.testng.reporters.JUnitReportReporter -->
<testsuite hostname="Lokesh-PC" name="TestNGAnnotations.TestNG1" tests="4" failures="0" timestamp="24 Mar 2019 10:31:16 GMT" time="0.021" errors="0">
  <testcase name="test2" time="0.012" classname="TestNGAnnotations.TestNG1"/>
  <testcase name="test3" time="0.003" classname="TestNGAnnotations.TestNG1"/>
  <testcase name="test1" time="0.003" classname="TestNGAnnotations.TestNG1"/>
  <testcase name="test4" time="0.003" classname="TestNGAnnotations.TestNG1"/>
</testsuite> <!-- TestNGAnnotations.TestNG1 -->
