<?xml version="1.0" encoding="UTF-8"?>
<!-- Generated by org.testng.reporters.JUnitReportReporter -->
<testsuite hostname="Lokesh-PC" name="TestNGAnnotations.Module3" tests="4" failures="0" timestamp="26 Mar 2019 00:17:14 GMT" time="0.012" errors="0">
  <testcase name="test4" time="0.003" classname="TestNGAnnotations.Module3"/>
  <testcase name="test2" time="0.004" classname="TestNGAnnotations.Module3"/>
  <testcase name="test1" time="0.002" classname="TestNGAnnotations.Module3"/>
  <testcase name="test3" time="0.003" classname="TestNGAnnotations.Module3"/>
</testsuite> <!-- TestNGAnnotations.Module3 -->
